<?xml version="1.0" encoding="UTF-8"?>
<!-- Generated by org.testng.reporters.JUnitReportReporter -->
<testsuite skipped="0" hostname="DESKTOP-IU9BP2Q" name="runner.TestExecution3" tests="1" failures="0" timestamp="2022-05-17T23:23:36 IST" time="33.886" errors="0">
  <testcase name="basePageNavigation" time="33.886" classname="runner.TestExecution3"/>
  <system-out/>
</testsuite> <!-- runner.TestExecution3 -->
